<?xml version="1.0" encoding="UTF-8"?>
<!-- Generated by org.testng.reporters.JUnitReportReporter -->
<testsuite skipped="0" hostname="DESKTOP-0N0NR1N" name="JenkinsDemoPack.JenkinsDemo" tests="1" failures="0" timestamp="25 Dec 2020 21:02:00 GMT" time="0.016" errors="0">
  <testcase name="jenkinsTest" time="0.016" classname="JenkinsDemoPack.JenkinsDemo"/>
</testsuite> <!-- JenkinsDemoPack.JenkinsDemo -->
